2015-08-01 15:05:50 - Succes update 1 (UPDATE IGNORE `story_text`
                                    SET texts='%26lt%3Bbr%26gt%3B%26lt%3Bdiv+class%3D%26quot%3Brow%26quot%3B%26gt%3B%09%26lt%3Bdiv+class%3D%26quot%3Bcol-md-3+menu-center%26quot%3B+style%3D%26quot%3Bpadding%3A+0+0+10px+10px%3B%26quot%3B%26gt%3B%09++++%26lt%3Bdiv+style%3D%26quot%3Bpadding%3A10px+20px%3B+background%3A+%236badde%3B+min-height%3A+506px%3B%26quot%3B%26gt%3B%09%09++++%26lt%3Bh3%26gt%3BSix-x+is+an+open+source+framework+for+PHP%26lt%3B%2Fh3%26gt%3B%0D%0A%0D%0A%09Six-x+is+a+tool+for+developers+in+PHP.+It+focused+only+the+best+design+solutions+that+allow+you+to+create+projects+faster+than+when+writing+to+the+native+php.+Behind+you+is+the+design+process%2C+and+the+main+burden+for+implementation+will+take+the+six-x.%26lt%3B%2Fdiv%26gt%3B%0D%0A%0D%0A%09%26lt%3B%2Fdiv%26gt%3B%0D%0A%0D%0A%09%26lt%3Bdiv+class%3D%26quot%3Bcol-md-3+menu-center%26quot%3B+style%3D%26quot%3Bpadding%3A+0+0+10px+10px%3B%26quot%3B%26gt%3B%09%09%26lt%3Bdiv+style%3D%26quot%3Bpadding%3A10px+20px%3B+background%3A+%236ba54a%3B+min-height%3A+249px%3B%26quot%3B%26gt%3B%09%09%26lt%3Bh3%26gt%3BSix-x+Uses+MVC+and+HMVC%26lt%3B%2Fh3%26gt%3B%0D%0A%0D%0A%09%09Six-x+uses+a+design+pattern+MVC+applications+and+HMVC%2C+that+allows+to+separate+logic+and+presentation+applications.+Backend+and+frontend+can+work+on+one+part+of+the+application+without+disturbing+each+other.%26lt%3B%2Fdiv%26gt%3B%0D%0A%0D%0A%09%26lt%3B%2Fdiv%26gt%3B%0D%0A%0D%0A%09%09%26lt%3Bdiv+class%3D%26quot%3Bcol-md-6+menu-center%26quot%3B+style%3D%26quot%3Bpadding%3A+0+0+10px+10px%3B%26quot%3B%26gt%3B%09%09%26lt%3Bdiv+style%3D%26quot%3Bbackground%3A+%23a54a7b%3B+padding%3A10px+20px%3B+min-height%3A+249px%3B%26quot%3B%26gt%3B%09%09++++++++++++++%26lt%3Bh3%26gt%3BDifferent+returns+from+one+application%26lt%3B%2Fh3%26gt%3B%0D%0A%0D%0A%09%09++++%26lt%3Bstrong%26gt%3BFileResult%3A%26lt%3B%2Fstrong%26gt%3B+return+file+from+stream+to+you%2C+try+%26lt%3Ba+href%3D%26quot%3B%7BFile%7D%26quot%3B+target%3D%26quot%3B_blank%26quot%3B%26gt%3BFileResult%28%29%26lt%3B%2Fa%26gt%3B%26lt%3Bbr%26gt%3B++++++++++%09%26lt%3Bstrong%26gt%3BJsonResult%3A%26amp%3Bnbsp%3B%26lt%3B%2Fstrong%26gt%3B+return+Json+encode+string%2C+trY+%26lt%3Ba+href%3D%26quot%3B%7BJson%7D%26quot%3B+target%3D%26quot%3B_blank%26quot%3B%26gt%3BJsonResult%28%29%26lt%3B%2Fa%26gt%3B%26lt%3Bbr%26gt%3B++++++++++%09%26lt%3Bstrong%26gt%3BRedirectToAction%3A%26lt%3B%2Fstrong%26gt%3B+it%27s+redirected+you+to+new+page%2C+try+%26lt%3Ba+href%3D%26quot%3B%7BRedirected%7D%26quot%3B+target%3D%26quot%3B_blank%26quot%3B%26gt%3BRedirectToAction%28%29%26lt%3B%2Fa%26gt%3B%26lt%3Bbr%26gt%3B++++++++++%09%26lt%3Bstrong%26gt%3BPartialViewResult%3A+%26lt%3B%2Fstrong%26gt%3B+return+partial+view+without+html+cover%2C+try+%26lt%3Ba+href%3D%26quot%3B%7BPart%7D%26quot%3B+target%3D%26quot%3B_blank%26quot%3B%26gt%3BPartialViewResult%28%29%26lt%3B%2Fa%26gt%3B%26lt%3Bbr%26gt%3B++++++++++%26lt%3Bstrong%26gt%3BCheck+simply+Autorization%3A%26lt%3B%2Fstrong%26gt%3B+denied+all+who+not+enter+in+admin+groupe+%26lt%3Ba+href%3D%26quot%3B%7BAut%7D%26quot%3B+target%3D%26quot%3B_blank%26quot%3B%26gt%3Bsimply+Autorization%26lt%3B%2Fa%26gt%3B%26lt%3Bbr%26gt%3B%09%09%09%26lt%3Bstrong%26gt%3BError+log%3A%26lt%3B%2Fstrong%26gt%3B+displayed+error+log+%26lt%3Ba+href%3D%26quot%3B%7BLog%7D%26quot%3B+target%3D%26quot%3B_blank%26quot%3B%26gt%3BError+log%26lt%3B%2Fa%26gt%3B%26lt%3Bbr%26gt%3B%09%09%26lt%3B%2Fdiv%26gt%3B%0D%0A%0D%0A%09%26lt%3B%2Fdiv%26gt%3B%0D%0A%0D%0A%09%26lt%3Bdiv+class%3D%26quot%3Bcol-md-7+menu-center%26quot%3B+style%3D%26quot%3Bpadding%3A+0+0+10px+10px%3B%26quot%3B%26gt%3B%09%09%26lt%3Bdiv+style%3D%26quot%3Bbackground%3A+%23e76363%3B+padding%3A10px+20px%3B++min-height%3A+247px%3B%26quot%3B%26gt%3B%09%09%26lt%3Bh3%26gt%3BLight+Weight+%26amp%3Bamp%3B%26amp%3Bamp%3B+Fastes%26lt%3B%2Fh3%26gt%3B%0D%0A%0D%0A%26lt%3Bspan+class%3D%26quot%3Bhps%26quot%3B%26gt%3BDespite+its%26lt%3B%2Fspan%26gt%3B+%26lt%3Bspan+class%3D%26quot%3Bhps%26quot%3B%26gt%3Blight+weight+and%26lt%3B%2Fspan%26gt%3B+%26lt%3Bspan+class%3D%26quot%3Bhps%26quot%3B%26gt%3Bthe+need+to+load%26lt%3B%2Fspan%26gt%3B+%26lt%3Bspan+class%3D%26quot%3Bhps%26quot%3B%26gt%3Bonly+a+few%26lt%3B%2Fspan%26gt%3B+%26lt%3Bspan+class%3D%26quot%3Bhps%26quot%3B%26gt%3Bare+needed+in+most%26lt%3B%2Fspan%26gt%3B+%26lt%3Bspan+class%3D%26quot%3Bhps%26quot%3B%26gt%3Bcases%2C%26lt%3B%2Fspan%26gt%3B+%26lt%3Bspan+class%3D%26quot%3Bhps%26quot%3B%26gt%3Blibraries%26lt%3B%2Fspan%26gt%3B%2C+six-x+%26lt%3Bspan+class%3D%26quot%3Bhps%26quot%3B%26gt%3Bis%26lt%3B%2Fspan%26gt%3B+%26lt%3Bspan+class%3D%26quot%3Bhps%26quot%3B%26gt%3Ba+very%26lt%3B%2Fspan%26gt%3B+%26lt%3Bspan+class%3D%26quot%3Bhps%26quot%3B%26gt%3Bpowerful+features%26lt%3B%2Fspan%26gt%3B+%26lt%3Bspan+class%3D%26quot%3Bhps%26quot%3B%26gt%3Bfor+developers%26lt%3B%2Fspan%26gt%3B+%26lt%3Bspan+class%3D%26quot%3Bhps%26quot%3B%26gt%3Bwith+minimal+use%26lt%3B%2Fspan%26gt%3B+%26lt%3Bspan+class%3D%26quot%3Bhps%26quot%3B%26gt%3Bof+server+resources.%26lt%3B%2Fspan%26gt%3B+%26lt%3Bspan+class%3D%26quot%3Bhps%26quot%3B%26gt%3BAdditional+libraries%26lt%3B%2Fspan%26gt%3B+%26lt%3Bspan+class%3D%26quot%3Bhps%26quot%3B%26gt%3Bare+loaded+dynamically%26lt%3B%2Fspan%26gt%3B+%26lt%3Bspan+class%3D%26quot%3Bhps%26quot%3B%26gt%3Bwhen+needed%26lt%3B%2Fspan%26gt%3B+%26lt%3Bspan+class%3D%26quot%3Bhps%26quot%3B%26gt%3Bto+use+them%2C%26lt%3B%2Fspan%26gt%3B+%26lt%3Bspan+class%3D%26quot%3Bhps%26quot%3B%26gt%3Bwhich+increases+the%26lt%3B%2Fspan%26gt%3B+%26lt%3Bspan+class%3D%26quot%3Bhps%26quot%3B%26gt%3Bresponse+time+of%26lt%3B%2Fspan%26gt%3B+%26lt%3Bspan+class%3D%26quot%3Bhps%26quot%3B%26gt%3Bapplications+and%26lt%3B%2Fspan%26gt%3B+%26lt%3Bspan+class%3D%26quot%3Bhps%26quot%3B%26gt%3Benables+the+creation+of%26lt%3B%2Fspan%26gt%3B+%26lt%3Bspan+class%3D%26quot%3Bhps%26quot%3B%26gt%3Bhighly+loaded%26lt%3B%2Fspan%26gt%3B+%26lt%3Bspan+class%3D%26quot%3Bhps%26quot%3B%26gt%3Bsystem.%26lt%3B%2Fspan%26gt%3B%26lt%3Bbr%26gt%3B%26lt%3B%2Fdiv%26gt%3B%0D%0A%0D%0A%09%26lt%3B%2Fdiv%26gt%3B%0D%0A%0D%0A%09%26lt%3Bdiv+class%3D%26quot%3Bcol-md-2+menu-center%26quot%3B+style%3D%26quot%3Bpadding%3A+0+0+10px+10px%3B%26quot%3B%26gt%3B%09%09%26lt%3Bdiv+style%3D%26quot%3Bbackground%3A+%23ffd663%3B+padding%3A10px+20px%3B+min-height%3A+247px%3B%26quot%3B%26gt%3B%09%09%26lt%3Bh3%26gt%3BSix-x+is+Free%26lt%3B%2Fh3%26gt%3B%0D%0A%0D%0A%09%09+Six-x+is+licensed+under+an+Apache%2FBSD-style+open+source+license+so+you+can+use+it+however+you+please.+For+more+information+please+read+the+license+agreement.%09%09%26lt%3B%2Fdiv%26gt%3B%0D%0A%0D%0A%09%26lt%3B%2Fdiv%26gt%3B%0D%0A%0D%0A%26lt%3B%2Fdiv%26gt%3B'
                                    WHERE `language_id` = 1
                                    AND story_id = 1)
2015-08-01 15:39:47 - PHP NOTICE:  Use of undefined constant self - assumed 'self' in C:\i-net\htdocs\six-x\system\library\protecter.php on line 89
2015-08-01 15:39:47 - PHP UNKNOW:  Non-static method Six_x\Protecter::_convert_attribute() should not be called statically in C:\i-net\htdocs\six-x\system\library\protecter.php on line 89
2015-08-01 15:40:16 - PHP NOTICE:  Use of undefined constant self - assumed 'self' in C:\i-net\htdocs\six-x\system\library\protecter.php on line 89
2015-08-01 15:40:43 - PHP WARNING:  preg_replace_callback(): Requires argument 2, '_convert_attribute', to be a valid callback in C:\i-net\htdocs\six-x\system\library\protecter.php on line 89
2015-08-01 16:04:25 - PHP UNKNOW:  Non-static method Six_x\Protecter::entity_decode() should not be called statically in C:\i-net\htdocs\six-x\system\library\protecter.php on line 234
2015-08-01 16:04:25 - PHP WARNING:  strpos() expects parameter 1 to be string, array given in C:\i-net\htdocs\six-x\system\library\protecter.php on line 258
2015-08-01 16:04:38 - PHP WARNING:  strpos() expects parameter 1 to be string, array given in C:\i-net\htdocs\six-x\system\library\protecter.php on line 258
2015-08-01 16:32:19 - PHP UNKNOW:  Non-static method Six_x\Protecter::_sanitize_naughty_html() should not be called statically in C:\i-net\htdocs\six-x\system\library\protecter.php on line 265
2015-08-01 16:57:28 - {"action":"logout","user":"sapsan4eg@ya.ru"}
2015-08-01 16:57:38 - {"action":"try enter","user":"sapsan4eg@ya.ru","password":"hello"}
2015-08-01 16:57:38 - {"action":"success enter","user":"sapsan4eg@ya.ru"}
2015-08-01 17:20:29 - PHP WARNING:  strpos(): needle is not a string or an integer in C:\i-net\htdocs\six-x\system\database\mysqli_x.php on line 189
2015-08-01 17:20:29 - PHP WARNING:  strpos(): needle is not a string or an integer in C:\i-net\htdocs\six-x\system\database\mysqli_x.php on line 189
2015-08-01 18:49:10 - Succes update 1 (UPDATE IGNORE `story_text`
                                    SET title='111111111111111111'
                                    WHERE `language_id` = 2
                                    AND story_id = 15)
2015-08-01 18:51:29 - Succes update 1 (UPDATE IGNORE `story_text`
                                    SET title='11312321'
                                    WHERE `language_id` = 2
                                    AND story_id = 15)
2015-08-01 18:51:29 - Succes update 1 (UPDATE IGNORE `story_text`
                                    SET title='2323321321'
                                    WHERE `language_id` = 1
                                    AND story_id = 15)
2015-08-01 18:51:56 - Succes update 1 (UPDATE IGNORE `story` SET `status` = 1 WHERE story_id = 15)
2015-08-01 18:51:56 - Succes update 1 (UPDATE IGNORE `story` SET `status` = 1 WHERE story_id = 15)
2015-08-01 18:51:58 - Succes update 1 (UPDATE IGNORE `story` SET `status` = 0 WHERE story_id = 15)
2015-08-01 18:51:58 - Succes update 1 (UPDATE IGNORE `story` SET `status` = 0 WHERE story_id = 15)
2015-08-01 18:55:17 - Succes delete 1 (DELETE FROM `story` WHERE `story_id` IN (16))
